<?xml version="1.0" encoding="UTF-8"?>
<!-- Generated by org.testng.reporters.JUnitXMLReporter -->
<testsuite hostname="LAPTOP-SQ84VLKK" ignored="0" name="Rental car Test" tests="3" failures="3" timestamp="2020-09-06T21:16:53 PDT" time="2.17" errors="0">
  <testcase name="getRequest_Returns_ListOfAllCars" time="1.9" classname="com.rental.car.TestCases">
    <failure type="java.lang.AssertionError" message="did not expect to find [true] but found [false]">
      <![CDATA[java.lang.AssertionError: did not expect to find [true] but found [false]
at com.rental.car.TestCases.getRequest_Returns_ListOfAllCars(TestCases.java:26)
at java.util.ArrayList.forEach(ArrayList.java:1257)
... Removed 31 stack frames]]>
    </failure>
  </testcase> <!-- getRequest_Returns_ListOfAllCars -->
  <testcase name="getRequest_Returns_TeslaCarswithBlueColorandNotes" time="0.146" classname="com.rental.car.TestCases">
    <failure type="io.restassured.path.json.exception.JsonPathException" message="Failed to parse the JSON document">
      <![CDATA[io.restassured.path.json.exception.JsonPathException: Failed to parse the JSON document
at io.restassured.path.json.JsonPath$ExceptionCatcher.invoke(JsonPath.java:930)
at io.restassured.path.json.JsonPath$4.doParseWith(JsonPath.java:895)
at io.restassured.path.json.JsonPath$JsonParser.parseWith(JsonPath.java:975)
at io.restassured.path.json.JsonPath.get(JsonPath.java:201)
at io.restassured.path.json.JsonPath.getList(JsonPath.java:374)
at com.rental.car.TestCases.getRequest_Returns_TeslaCarswithBlueColorandNotes(TestCases.java:42)
at java.util.ArrayList.forEach(ArrayList.java:1257)
Caused by: groovy.json.JsonException: Lexing failed on line: 1, column: 1, while reading 'R', no possible valid JSON value or punctuation could be recognized.
at groovy.json.JsonLexer.nextToken(JsonLexer.java:85)
at groovy.json.JsonLexer$nextToken.call(Unknown Source)
at org.codehaus.groovy.runtime.callsite.CallSiteArray.defaultCall(CallSiteArray.java:48)
at org.codehaus.groovy.runtime.callsite.AbstractCallSite.call(AbstractCallSite.java:113)
at org.codehaus.groovy.runtime.callsite.AbstractCallSite.call(AbstractCallSite.java:117)
at io.restassured.internal.path.json.ConfigurableJsonSlurper.parse(ConfigurableJsonSlurper.groovy:97)
at io.restassured.internal.path.json.ConfigurableJsonSlurper$parse.callCurrent(Unknown Source)
at org.codehaus.groovy.runtime.callsite.CallSiteArray.defaultCallCurrent(CallSiteArray.java:52)
at org.codehaus.groovy.runtime.callsite.AbstractCallSite.callCurrent(AbstractCallSite.java:154)
at org.codehaus.groovy.runtime.callsite.AbstractCallSite.callCurrent(AbstractCallSite.java:166)
at io.restassured.internal.path.json.ConfigurableJsonSlurper.parseText(ConfigurableJsonSlurper.groovy:83)
at io.restassured.path.json.JsonPath$4$1.method(JsonPath.java:893)
at io.restassured.path.json.JsonPath$ExceptionCatcher.invoke(JsonPath.java:928)
... 33 more
... Removed 27 stack frames]]>
    </failure>
  </testcase> <!-- getRequest_Returns_TeslaCarswithBlueColorandNotes -->
  <testcase name="getRequest_Returnwith_LowestPerDayRent" time="0.032" classname="com.rental.car.TestCases">
    <failure type="io.restassured.path.json.exception.JsonPathException" message="Failed to parse the JSON document">
      <![CDATA[io.restassured.path.json.exception.JsonPathException: Failed to parse the JSON document
at io.restassured.path.json.JsonPath$ExceptionCatcher.invoke(JsonPath.java:930)
at io.restassured.path.json.JsonPath$4.doParseWith(JsonPath.java:895)
at io.restassured.path.json.JsonPath$JsonParser.parseWith(JsonPath.java:975)
at io.restassured.path.json.JsonPath.get(JsonPath.java:201)
at io.restassured.path.json.JsonPath.getList(JsonPath.java:374)
at com.rental.car.TestCases.getRequest_Returnwith_LowestPerDayRent(TestCases.java:78)
at java.util.ArrayList.forEach(ArrayList.java:1257)
Caused by: groovy.json.JsonException: Lexing failed on line: 1, column: 1, while reading 'R', no possible valid JSON value or punctuation could be recognized.
at groovy.json.JsonLexer.nextToken(JsonLexer.java:85)
at groovy.json.JsonLexer$nextToken.call(Unknown Source)
at io.restassured.internal.path.json.ConfigurableJsonSlurper.parse(ConfigurableJsonSlurper.groovy:97)
at io.restassured.internal.path.json.ConfigurableJsonSlurper$parse.callCurrent(Unknown Source)
at io.restassured.internal.path.json.ConfigurableJsonSlurper.parseText(ConfigurableJsonSlurper.groovy:83)
at io.restassured.path.json.JsonPath$4$1.method(JsonPath.java:893)
at io.restassured.path.json.JsonPath$ExceptionCatcher.invoke(JsonPath.java:928)
... 33 more
... Removed 27 stack frames]]>
    </failure>
  </testcase> <!-- getRequest_Returnwith_LowestPerDayRent -->
</testsuite> <!-- Rental car Test -->
