<?xml version="1.0" encoding="UTF-8"?>
<!-- Generated by org.testng.reporters.JUnitXMLReporter -->
<testsuite hostname="LAPTOP-SQ84VLKK" ignored="0" name="Default test" tests="4" failures="0" timestamp="2020-09-07T08:40:20 PDT" time="4.084" errors="0">
  <testcase name="getRequest_Returns_ListOfAllCars" time="2.389" classname="com.rental.car.TestCases"/>
  <testcase name="getRequest_Returns_TeslaCarswithBlueColorandNotes" time="0.791" classname="com.rental.car.TestCases"/>
  <testcase name="getRequest_Returns_LowestPerDayRentWithPriceAndWithPriceAfterDiscount" time="0.236" classname="com.rental.car.TestCases"/>
  <testcase name="getRequest_Returns_HightestRevenueForLastYear" time="0.529" classname="com.rental.car.TestCases"/>
</testsuite> <!-- Default test -->
