<?xml version="1.0" encoding="UTF-8"?>
<testng-results skipped="0" failed="0" ignored="0" total="4" passed="4">
  <reporter-output>
  </reporter-output>
  <suite name="Default suite" duration-ms="4084" started-at="2020-09-07T08:40:16 PDT" finished-at="2020-09-07T08:40:20 PDT">
    <groups>
    </groups>
    <test name="Default test" duration-ms="4084" started-at="2020-09-07T08:40:16 PDT" finished-at="2020-09-07T08:40:20 PDT">
      <class name="com.rental.car.TestCases">
        <test-method status="PASS" signature="setUpWireMockServer()[pri:0, instance:com.rental.car.TestCases@458c1321]" name="setUpWireMockServer" is-config="true" duration-ms="1172" started-at="2020-09-07T08:40:15 PDT" finished-at="2020-09-07T08:40:16 PDT">
          <reporter-output>
          </reporter-output>
        </test-method> <!-- setUpWireMockServer -->
        <test-method status="PASS" signature="getMappingsRequestAndResponse()[pri:0, instance:com.rental.car.TestCases@458c1321]" name="getMappingsRequestAndResponse" is-config="true" duration-ms="82" started-at="2020-09-07T08:40:16 PDT" finished-at="2020-09-07T08:40:16 PDT">
          <reporter-output>
          </reporter-output>
        </test-method> <!-- getMappingsRequestAndResponse -->
        <test-method status="PASS" signature="getRequest_Returns_ListOfAllCars()[pri:1, instance:com.rental.car.TestCases@458c1321]" name="getRequest_Returns_ListOfAllCars" duration-ms="2389" started-at="2020-09-07T08:40:16 PDT" finished-at="2020-09-07T08:40:19 PDT">
          <reporter-output>
          </reporter-output>
        </test-method> <!-- getRequest_Returns_ListOfAllCars -->
        <test-method status="PASS" signature="getRequest_Returns_TeslaCarswithBlueColorandNotes()[pri:2, instance:com.rental.car.TestCases@458c1321]" name="getRequest_Returns_TeslaCarswithBlueColorandNotes" duration-ms="791" started-at="2020-09-07T08:40:19 PDT" finished-at="2020-09-07T08:40:19 PDT">
          <reporter-output>
          </reporter-output>
        </test-method> <!-- getRequest_Returns_TeslaCarswithBlueColorandNotes -->
        <test-method status="PASS" signature="getRequest_Returns_LowestPerDayRentWithPriceAndWithPriceAfterDiscount()[pri:3, instance:com.rental.car.TestCases@458c1321]" name="getRequest_Returns_LowestPerDayRentWithPriceAndWithPriceAfterDiscount" duration-ms="236" started-at="2020-09-07T08:40:19 PDT" finished-at="2020-09-07T08:40:20 PDT">
          <reporter-output>
          </reporter-output>
        </test-method> <!-- getRequest_Returns_LowestPerDayRentWithPriceAndWithPriceAfterDiscount -->
        <test-method status="PASS" signature="getRequest_Returns_HightestRevenueForLastYear()[pri:4, instance:com.rental.car.TestCases@458c1321]" name="getRequest_Returns_HightestRevenueForLastYear" duration-ms="529" started-at="2020-09-07T08:40:20 PDT" finished-at="2020-09-07T08:40:20 PDT">
          <reporter-output>
          </reporter-output>
        </test-method> <!-- getRequest_Returns_HightestRevenueForLastYear -->
        <test-method status="PASS" signature="tearDown()[pri:0, instance:com.rental.car.TestCases@458c1321]" name="tearDown" is-config="true" duration-ms="10" started-at="2020-09-07T08:40:20 PDT" finished-at="2020-09-07T08:40:20 PDT">
          <reporter-output>
          </reporter-output>
        </test-method> <!-- tearDown -->
      </class> <!-- com.rental.car.TestCases -->
    </test> <!-- Default test -->
  </suite> <!-- Default suite -->
</testng-results>
